[debug] [2026-01-06T19:10:02.730Z] ----------------------------------------------------------------------
[debug] [2026-01-06T19:10:02.732Z] Command:       C:\Program Files\nodejs\node.exe C:\Users\jaime\AppData\Roaming\npm\node_modules\firebase-tools\lib\bin\firebase.js init functions
[debug] [2026-01-06T19:10:02.733Z] CLI Version:   15.1.0
[debug] [2026-01-06T19:10:02.733Z] Platform:      win32
[debug] [2026-01-06T19:10:02.733Z] Node Version:  v24.12.0
[debug] [2026-01-06T19:10:02.733Z] Time:          Tue Jan 06 2026 12:10:02 GMT-0700 (hora estándar del Pacífico de México)
[debug] [2026-01-06T19:10:02.733Z] ----------------------------------------------------------------------
[debug] 
[info] 
     ######## #### ########  ######## ########     ###     ######  ########
     ##        ##  ##     ## ##       ##     ##  ##   ##  ##       ##
     ######    ##  ########  ######   ########  #########  ######  ######
     ##        ##  ##    ##  ##       ##     ## ##     ##       ## ##
     ##       #### ##     ## ######## ########  ##     ##  ######  ########

You're about to initialize a Firebase project in this directory:

  C:\Users\jaime\Downloads\Proyecto papus\Vianelo

[info] 
=== Project Setup
[info] 
[info] First, let's associate this project directory with a Firebase project.
[info] You can create multiple project aliases by running firebase use --add, 
[info] 
[debug] [2026-01-06T19:17:42.295Z] ----------------------------------------------------------------------
[debug] [2026-01-06T19:17:42.298Z] Command:       C:\Program Files\nodejs\node.exe C:\Users\jaime\AppData\Roaming\npm\node_modules\firebase-tools\lib\bin\firebase.js init functions
[debug] [2026-01-06T19:17:42.298Z] CLI Version:   15.1.0
[debug] [2026-01-06T19:17:42.298Z] Platform:      win32
[debug] [2026-01-06T19:17:42.298Z] Node Version:  v24.12.0
[debug] [2026-01-06T19:17:42.299Z] Time:          Tue Jan 06 2026 12:17:42 GMT-0700 (hora estándar del Pacífico de México)
[debug] [2026-01-06T19:17:42.299Z] ----------------------------------------------------------------------
[debug] 
[info] 
     ######## #### ########  ######## ########     ###     ######  ########
     ##        ##  ##     ## ##       ##     ##  ##   ##  ##       ##
     ######    ##  ########  ######   ########  #########  ######  ######
     ##        ##  ##    ##  ##       ##     ## ##     ##       ## ##
     ##       #### ##     ## ######## ########  ##     ##  ######  ########

You're about to initialize a Firebase project in this directory:

  C:\Users\jaime\Downloads\Proyecto papus\Vianelo

[info] 
=== Project Setup
[info] 
[info] First, let's associate this project directory with a Firebase project.
[info] You can create multiple project aliases by running firebase use --add, 
[info] 
[debug] [2026-01-06T19:18:09.844Z] > command requires scopes: ["email","openid","https://www.googleapis.com/auth/cloudplatformprojects.readonly","https://www.googleapis.com/auth/firebase","https://www.googleapis.com/auth/cloud-platform"]
[debug] [2026-01-06T19:18:09.845Z] > authorizing via signed-in user (jaimecazares136@gmail.com)
[debug] [2026-01-06T19:18:09.846Z] Checked if tokens are valid: true, expires at: 1767730184994
[debug] [2026-01-06T19:18:09.846Z] Checked if tokens are valid: true, expires at: 1767730184994
[debug] [2026-01-06T19:18:09.847Z] >>> [apiv2][query] GET https://firebase.googleapis.com/v1beta1/projects pageSize=100
[debug] [2026-01-06T19:18:10.528Z] <<< [apiv2][status] GET https://firebase.googleapis.com/v1beta1/projects 200
[debug] [2026-01-06T19:18:10.528Z] <<< [apiv2][body] GET https://firebase.googleapis.com/v1beta1/projects [omitted]
